-------------------------------------------------------------------------------
Test set: lanajauhar.contactapi.controller.AddressControllerTest
-------------------------------------------------------------------------------
Tests run: 10, Failures: 7, Errors: 3, Skipped: 0, Time elapsed: 62.35 s <<< FAILURE! -- in lanajauhar.contactapi.controller.AddressControllerTest
lanajauhar.contactapi.controller.AddressControllerTest.getAddressSucces -- Time elapsed: 7.122 s <<< FAILURE!
java.lang.AssertionError: Status expected:<200> but was:<404>
	at org.springframework.test.util.AssertionErrors.fail(AssertionErrors.java:59)
	at org.springframework.test.util.AssertionErrors.assertEquals(AssertionErrors.java:122)
	at org.springframework.test.web.servlet.result.StatusResultMatchers.lambda$matcher$9(StatusResultMatchers.java:637)
	at org.springframework.test.web.servlet.MockMvc$1.andExpect(MockMvc.java:214)
	at org.springframework.test.web.servlet.ResultActions.lambda$andExpectAll$0(ResultActions.java:86)
	at org.springframework.test.util.ExceptionCollector.execute(ExceptionCollector.java:49)
	at org.springframework.test.web.servlet.ResultActions.andExpectAll(ResultActions.java:86)
	at lanajauhar.contactapi.controller.AddressControllerTest.getAddressSucces(AddressControllerTest.java:186)
	at java.base/java.lang.reflect.Method.invoke(Method.java:568)
	at java.base/java.util.ArrayList.forEach(ArrayList.java:1511)
	at java.base/java.util.ArrayList.forEach(ArrayList.java:1511)

lanajauhar.contactapi.controller.AddressControllerTest.deleteAddressBadReq -- Time elapsed: 0.108 s <<< ERROR!
com.fasterxml.jackson.databind.exc.MismatchedInputException: 
No content to map due to end-of-input
 at [Source: REDACTED (`StreamReadFeature.INCLUDE_SOURCE_IN_LOCATION` disabled); line: 1]
	at com.fasterxml.jackson.databind.exc.MismatchedInputException.from(MismatchedInputException.java:59)
	at com.fasterxml.jackson.databind.ObjectMapper._initForReading(ObjectMapper.java:4990)
	at com.fasterxml.jackson.databind.ObjectMapper._readMapAndClose(ObjectMapper.java:4892)
	at com.fasterxml.jackson.databind.ObjectMapper.readValue(ObjectMapper.java:3846)
	at com.fasterxml.jackson.databind.ObjectMapper.readValue(ObjectMapper.java:3829)
	at lanajauhar.contactapi.controller.AddressControllerTest.lambda$deleteAddressBadReq$6(AddressControllerTest.java:290)
	at org.springframework.test.web.servlet.MockMvc$1.andDo(MockMvc.java:219)
	at lanajauhar.contactapi.controller.AddressControllerTest.deleteAddressBadReq(AddressControllerTest.java:288)
	at java.base/java.lang.reflect.Method.invoke(Method.java:568)
	at java.base/java.util.ArrayList.forEach(ArrayList.java:1511)
	at java.base/java.util.ArrayList.forEach(ArrayList.java:1511)

lanajauhar.contactapi.controller.AddressControllerTest.updateAddressBadReq -- Time elapsed: 0.129 s <<< FAILURE!
java.lang.AssertionError: Status expected:<400> but was:<404>
	at org.springframework.test.util.AssertionErrors.fail(AssertionErrors.java:59)
	at org.springframework.test.util.AssertionErrors.assertEquals(AssertionErrors.java:122)
	at org.springframework.test.web.servlet.result.StatusResultMatchers.lambda$matcher$9(StatusResultMatchers.java:637)
	at org.springframework.test.web.servlet.MockMvc$1.andExpect(MockMvc.java:214)
	at org.springframework.test.web.servlet.ResultActions.lambda$andExpectAll$0(ResultActions.java:86)
	at org.springframework.test.util.ExceptionCollector.execute(ExceptionCollector.java:49)
	at org.springframework.test.web.servlet.ResultActions.andExpectAll(ResultActions.java:86)
	at lanajauhar.contactapi.controller.AddressControllerTest.updateAddressBadReq(AddressControllerTest.java:218)
	at java.base/java.lang.reflect.Method.invoke(Method.java:568)
	at java.base/java.util.ArrayList.forEach(ArrayList.java:1511)
	at java.base/java.util.ArrayList.forEach(ArrayList.java:1511)

lanajauhar.contactapi.controller.AddressControllerTest.deleteAddressSucces -- Time elapsed: 0.102 s <<< FAILURE!
java.lang.AssertionError: Status expected:<200> but was:<404>
	at org.springframework.test.util.AssertionErrors.fail(AssertionErrors.java:59)
	at org.springframework.test.util.AssertionErrors.assertEquals(AssertionErrors.java:122)
	at org.springframework.test.web.servlet.result.StatusResultMatchers.lambda$matcher$9(StatusResultMatchers.java:637)
	at org.springframework.test.web.servlet.MockMvc$1.andExpect(MockMvc.java:214)
	at org.springframework.test.web.servlet.ResultActions.lambda$andExpectAll$0(ResultActions.java:86)
	at org.springframework.test.util.ExceptionCollector.execute(ExceptionCollector.java:49)
	at org.springframework.test.web.servlet.ResultActions.andExpectAll(ResultActions.java:86)
	at lanajauhar.contactapi.controller.AddressControllerTest.deleteAddressSucces(AddressControllerTest.java:319)
	at java.base/java.lang.reflect.Method.invoke(Method.java:568)
	at java.base/java.util.ArrayList.forEach(ArrayList.java:1511)
	at java.base/java.util.ArrayList.forEach(ArrayList.java:1511)

lanajauhar.contactapi.controller.AddressControllerTest.updateAddressSucces -- Time elapsed: 0.137 s <<< FAILURE!
java.lang.AssertionError: Status expected:<200> but was:<404>
	at org.springframework.test.util.AssertionErrors.fail(AssertionErrors.java:59)
	at org.springframework.test.util.AssertionErrors.assertEquals(AssertionErrors.java:122)
	at org.springframework.test.web.servlet.result.StatusResultMatchers.lambda$matcher$9(StatusResultMatchers.java:637)
	at org.springframework.test.web.servlet.MockMvc$1.andExpect(MockMvc.java:214)
	at org.springframework.test.web.servlet.ResultActions.lambda$andExpectAll$0(ResultActions.java:86)
	at org.springframework.test.util.ExceptionCollector.execute(ExceptionCollector.java:49)
	at org.springframework.test.web.servlet.ResultActions.andExpectAll(ResultActions.java:86)
	at lanajauhar.contactapi.controller.AddressControllerTest.updateAddressSucces(AddressControllerTest.java:261)
	at java.base/java.lang.reflect.Method.invoke(Method.java:568)
	at java.base/java.util.ArrayList.forEach(ArrayList.java:1511)
	at java.base/java.util.ArrayList.forEach(ArrayList.java:1511)

lanajauhar.contactapi.controller.AddressControllerTest.listAddressNotFound -- Time elapsed: 0.184 s <<< ERROR!
com.fasterxml.jackson.databind.exc.MismatchedInputException: 
No content to map due to end-of-input
 at [Source: REDACTED (`StreamReadFeature.INCLUDE_SOURCE_IN_LOCATION` disabled); line: 1]
	at com.fasterxml.jackson.databind.exc.MismatchedInputException.from(MismatchedInputException.java:59)
	at com.fasterxml.jackson.databind.ObjectMapper._initForReading(ObjectMapper.java:4990)
	at com.fasterxml.jackson.databind.ObjectMapper._readMapAndClose(ObjectMapper.java:4892)
	at com.fasterxml.jackson.databind.ObjectMapper.readValue(ObjectMapper.java:3846)
	at com.fasterxml.jackson.databind.ObjectMapper.readValue(ObjectMapper.java:3829)
	at lanajauhar.contactapi.controller.AddressControllerTest.lambda$listAddressNotFound$8(AddressControllerTest.java:346)
	at org.springframework.test.web.servlet.MockMvc$1.andDo(MockMvc.java:219)
	at lanajauhar.contactapi.controller.AddressControllerTest.listAddressNotFound(AddressControllerTest.java:344)
	at java.base/java.lang.reflect.Method.invoke(Method.java:568)
	at java.base/java.util.ArrayList.forEach(ArrayList.java:1511)
	at java.base/java.util.ArrayList.forEach(ArrayList.java:1511)

lanajauhar.contactapi.controller.AddressControllerTest.createAddressBadReq -- Time elapsed: 0.119 s <<< FAILURE!
java.lang.AssertionError: Status expected:<400> but was:<404>
	at org.springframework.test.util.AssertionErrors.fail(AssertionErrors.java:59)
	at org.springframework.test.util.AssertionErrors.assertEquals(AssertionErrors.java:122)
	at org.springframework.test.web.servlet.result.StatusResultMatchers.lambda$matcher$9(StatusResultMatchers.java:637)
	at org.springframework.test.web.servlet.MockMvc$1.andExpect(MockMvc.java:214)
	at org.springframework.test.web.servlet.ResultActions.lambda$andExpectAll$0(ResultActions.java:86)
	at org.springframework.test.util.ExceptionCollector.execute(ExceptionCollector.java:49)
	at org.springframework.test.web.servlet.ResultActions.andExpectAll(ResultActions.java:86)
	at lanajauhar.contactapi.controller.AddressControllerTest.createAddressBadReq(AddressControllerTest.java:99)
	at java.base/java.lang.reflect.Method.invoke(Method.java:568)
	at java.base/java.util.ArrayList.forEach(ArrayList.java:1511)
	at java.base/java.util.ArrayList.forEach(ArrayList.java:1511)

lanajauhar.contactapi.controller.AddressControllerTest.createAddressSucces -- Time elapsed: 0.193 s <<< FAILURE!
java.lang.AssertionError: Status expected:<200> but was:<404>
	at org.springframework.test.util.AssertionErrors.fail(AssertionErrors.java:59)
	at org.springframework.test.util.AssertionErrors.assertEquals(AssertionErrors.java:122)
	at org.springframework.test.web.servlet.result.StatusResultMatchers.lambda$matcher$9(StatusResultMatchers.java:637)
	at org.springframework.test.web.servlet.MockMvc$1.andExpect(MockMvc.java:214)
	at org.springframework.test.web.servlet.ResultActions.lambda$andExpectAll$0(ResultActions.java:86)
	at org.springframework.test.util.ExceptionCollector.execute(ExceptionCollector.java:49)
	at org.springframework.test.web.servlet.ResultActions.andExpectAll(ResultActions.java:86)
	at lanajauhar.contactapi.controller.AddressControllerTest.createAddressSucces(AddressControllerTest.java:127)
	at java.base/java.lang.reflect.Method.invoke(Method.java:568)
	at java.base/java.util.ArrayList.forEach(ArrayList.java:1511)
	at java.base/java.util.ArrayList.forEach(ArrayList.java:1511)

lanajauhar.contactapi.controller.AddressControllerTest.getAddressNotFound -- Time elapsed: 0.149 s <<< ERROR!
com.fasterxml.jackson.databind.exc.MismatchedInputException: 
No content to map due to end-of-input
 at [Source: REDACTED (`StreamReadFeature.INCLUDE_SOURCE_IN_LOCATION` disabled); line: 1]
	at com.fasterxml.jackson.databind.exc.MismatchedInputException.from(MismatchedInputException.java:59)
	at com.fasterxml.jackson.databind.ObjectMapper._initForReading(ObjectMapper.java:4990)
	at com.fasterxml.jackson.databind.ObjectMapper._readMapAndClose(ObjectMapper.java:4892)
	at com.fasterxml.jackson.databind.ObjectMapper.readValue(ObjectMapper.java:3846)
	at com.fasterxml.jackson.databind.ObjectMapper.readValue(ObjectMapper.java:3829)
	at lanajauhar.contactapi.controller.AddressControllerTest.lambda$getAddressNotFound$2(AddressControllerTest.java:157)
	at org.springframework.test.web.servlet.MockMvc$1.andDo(MockMvc.java:219)
	at lanajauhar.contactapi.controller.AddressControllerTest.getAddressNotFound(AddressControllerTest.java:155)
	at java.base/java.lang.reflect.Method.invoke(Method.java:568)
	at java.base/java.util.ArrayList.forEach(ArrayList.java:1511)
	at java.base/java.util.ArrayList.forEach(ArrayList.java:1511)

lanajauhar.contactapi.controller.AddressControllerTest.listAddressSucces -- Time elapsed: 48.38 s <<< FAILURE!
java.lang.AssertionError: Status expected:<200> but was:<404>
	at org.springframework.test.util.AssertionErrors.fail(AssertionErrors.java:59)
	at org.springframework.test.util.AssertionErrors.assertEquals(AssertionErrors.java:122)
	at org.springframework.test.web.servlet.result.StatusResultMatchers.lambda$matcher$9(StatusResultMatchers.java:637)
	at org.springframework.test.web.servlet.MockMvc$1.andExpect(MockMvc.java:214)
	at org.springframework.test.web.servlet.ResultActions.lambda$andExpectAll$0(ResultActions.java:86)
	at org.springframework.test.util.ExceptionCollector.execute(ExceptionCollector.java:49)
	at org.springframework.test.web.servlet.ResultActions.andExpectAll(ResultActions.java:86)
	at lanajauhar.contactapi.controller.AddressControllerTest.listAddressSucces(AddressControllerTest.java:379)
	at java.base/java.lang.reflect.Method.invoke(Method.java:568)
	at java.base/java.util.ArrayList.forEach(ArrayList.java:1511)
	at java.base/java.util.ArrayList.forEach(ArrayList.java:1511)

